\BOOKMARK [1][-]{section.1}{\376\377\001\014\000\355\000s\000l\000a\000\040\000a\000\040\000i\000c\000h\000\040\000z\000\341\000k\000l\000a\000d\000n\000\351\000\040\000t\000y\000p\000y}{}% 1
\BOOKMARK [2][-]{subsection.1.1}{\376\377\001\014\000\355\000s\000l\000o\000\040\000a\000\040\000c\000i\000f\000r\000a}{section.1}% 2
\BOOKMARK [2][-]{subsection.1.2}{\376\377\000Z\000\341\000k\000l\000a\000d\000n\000\351\000\040\000m\000a\000t\000e\000m\000a\000t\000i\000c\000k\000\351\000\040\000o\000p\000e\000r\000\341\000c\000i\000e\000\040\000a\000\040\000i\000c\000h\000\040\000v\000l\000a\000s\000t\000n\000o\000s\000t\000i}{section.1}% 3
\BOOKMARK [2][-]{subsection.1.3}{\376\377\000Z\000\341\000k\000l\000a\000d\000n\000\351\000\040\000t\000y\000p\000y\000\040\001\015\000\355\000s\000e\000l}{section.1}% 4
\BOOKMARK [2][-]{subsection.1.4}{\376\377\000Z\000\341\000p\000i\000s\000y\000\040\000p\000r\000i\000r\000o\000d\000z\000e\000n\000\375\000c\000h\000\040\001\015\000\355\000s\000e\000l}{section.1}% 5
\BOOKMARK [2][-]{subsection.1.5}{\376\377\000C\000v\000i\001\015\000e\000n\000i\000e\000.}{section.1}% 6
\BOOKMARK [1][-]{section.2}{\376\377\000D\000e\000l\000i\000t\000e\001\110\000o\000s\001\145\000\040\000c\000e\000l\000\375\000c\000h\000\040\000a\000\040\000p\000r\000i\000r\000o\000d\000z\000e\000n\000\375\000c\000h\000\040\001\015\000\355\000s\000e\000l}{}% 7
\BOOKMARK [2][-]{subsection.2.1}{\376\377\000D\000e\000f\000i\000n\000\355\000c\000i\000a\000\040\000d\000e\000l\000i\000t\000e\001\076\000n\000o\000s\000t\000i}{section.2}% 8
\BOOKMARK [2][-]{subsection.2.2}{\376\377\000Z\000n\000a\000k\000y\000\040\000d\000e\000l\000i\000t\000e\001\076\000n\000o\000s\000t\000i\000\040\000p\000r\000e\000\040\001\015\000\355\000s\000l\000a\000\040\0002\000,\000\040\0003\000,\000\040\0004\000,\000\040\0005\000,\000\040\0006\000,\000\040\0008\000,\000\040\0009\000,\000\040\0001\0000\000.}{section.2}% 9
\BOOKMARK [2][-]{subsection.2.3}{\376\377\000Z\000i\000s\001\145\000o\000v\000a\000n\000i\000e\000\040\000v\001\141\000e\000t\000k\000\375\000c\000h\000\040\000d\000e\000l\000i\000t\000e\001\076\000o\000v}{section.2}% 10
\BOOKMARK [2][-]{subsection.2.4}{\376\377\000C\000v\001\015\000e\000n\000i\000a}{section.2}% 11
\BOOKMARK [2][-]{subsection.2.5}{\376\377\000P\000r\000v\000o\001\015\000\355\000s\000l\000a\000\040\000a\000\040\000p\000r\000v\000o\001\015\000\355\000s\000e\000l\000n\000\351\000\040\000r\000o\000z\000k\000l\000a\000d\000y}{section.2}% 12
\BOOKMARK [2][-]{subsection.2.6}{\376\377\000E\000r\000a\000t\000o\000s\000t\000e\000n\000o\000v\000o\000\040\000s\000i\000t\000o}{section.2}% 13
\BOOKMARK [2][-]{subsection.2.7}{\376\377\000P\000r\000v\000o\001\015\000\355\000s\000e\000l\000n\000\375\000\040\000r\000o\000z\000k\000l\000a\000d\000\040\000p\000r\000i\000r\000o\000d\000z\000e\000n\000\351\000h\000o\000\040\001\015\000\355\000s\000l\000a}{section.2}% 14
\BOOKMARK [2][-]{subsection.2.8}{\376\377\000C\000v\000i\001\015\000e\000n\000i\000a}{section.2}% 15
\BOOKMARK [1][-]{section.3}{\376\377\000N\000a\000j\000v\000\344\001\015\001\141\000\355\000\040\000s\000p\000o\000l\000o\001\015\000n\000\375\000\040\000d\000e\000l\000i\000t\000e\001\076\000\040\000a\000\040\000n\000a\000j\000m\000e\000n\001\141\000\355\000\040\000s\000p\000o\000l\000o\001\015\000n\000\375\000\040\000n\000\341\000s\000o\000b\000o\000k}{}% 16
\BOOKMARK [2][-]{subsection.3.1}{\376\377\000D\000e\000f\000i\000n\000\355\000c\000i\000e}{section.3}% 17
\BOOKMARK [2][-]{subsection.3.2}{\376\377\000H\001\076\000a\000d\000a\000n\000i\000e\000\040\000N\000S\000D}{section.3}% 18
\BOOKMARK [2][-]{subsection.3.3}{\376\377\000C\000v\000i\001\015\000e\000n\000i\000a\000\040\000n\000a\000\040\000N\000S\000D}{section.3}% 19
\BOOKMARK [2][-]{subsection.3.4}{\376\377\000H\001\076\000a\000d\000a\000n\000i\000e\000\040\000n\000s\000n}{section.3}% 20
\BOOKMARK [2][-]{subsection.3.5}{\376\377\000C\000v\000i\001\015\000e\000n\000i\000a\000\040\000n\000a\000\040\000n\000s\000n}{section.3}% 21
\BOOKMARK [1][-]{section.4}{\376\377\000S\000l\000o\000v\000n\000\351\000\040\000\372\000l\000o\000h\000y\000\040\000n\000a\000\040\000N\000S\000D\000\040\000a\000\040\000n\000s\000n}{}% 22
\BOOKMARK [1][-]{section.5}{\376\377\000R\000a\000c\000i\000o\000n\000\341\000l\000n\000e\000\040\001\015\000\355\000s\000l\000a\000\040\000a\000\040\000z\000l\000o\000m\000k\000y}{}% 23
\BOOKMARK [2][-]{subsection.5.1}{\376\377\000D\000e\000f\000i\000n\000\355\000c\000i\000a}{section.5}% 24
\BOOKMARK [2][-]{subsection.5.2}{\376\377\000C\000v\000i\001\015\000e\000n\000i\000a}{section.5}% 25
\BOOKMARK [2][-]{subsection.5.3}{\376\377\000O\000p\000e\000r\000\341\000c\000i\000e\000\040\000s\000o\000\040\000z\000l\000o\000m\000k\000a\000m\000i}{section.5}% 26
\BOOKMARK [1][-]{section.6}{\376\377\000P\000o\000m\000e\000r\000y}{}% 27
\BOOKMARK [1][-]{section.7}{\376\377\000P\000e\000r\000c\000e\000n\000t\000\341\000\040\000a\000\040\000p\000r\000o\000m\000i\000l\000e}{}% 28
\BOOKMARK [2][-]{subsection.7.1}{\376\377\000P\000e\000r\000c\000e\000n\000t\000\341}{section.7}% 29
\BOOKMARK [2][-]{subsection.7.2}{\376\377\000P\000r\000o\000m\000i\000l\000e}{section.7}% 30
