\BOOKMARK [0][-]{chapter.1}{\376\377\000A\000r\000i\000t\000m\000e\000t\000i\000k\000a\000\040\000a\000\040\000t\000e\000\363\000r\000i\000a\000\040\001\015\000\355\000s\000e\000l}{}% 1
\BOOKMARK [1][-]{section.1.1}{\376\377\000Z\000\341\000k\000l\000a\000d\000n\000\351\000\040\000t\000y\000p\000y\000\040\001\015\000\355\000s\000e\000l\000\040\000a\000\040\000i\000c\000h\000\040\000a\000r\000i\000t\000m\000e\000t\000i\000k\000a}{chapter.1}% 2
\BOOKMARK [2][-]{subsection.1.1.1}{\376\377\000P\000r\000i\000r\000o\000d\000z\000e\000n\000\351\000\040\001\015\000\355\000s\000l\000a\000,\000\040\000c\000e\000l\000\351\000\040\001\015\000\355\000s\000l\000a\000\040\000a\000\040\000i\000c\000h\000\040\000z\000\341\000p\000i\000s\000y}{section.1.1}% 3
\BOOKMARK [2][-]{subsection.1.1.2}{\376\377\000Z\000\341\000k\000l\000a\000d\000n\000\351\000\040\000m\000a\000t\000e\000m\000a\000t\000i\000c\000k\000\351\000\040\000o\000p\000e\000r\000\341\000c\000i\000e}{section.1.1}% 4
\BOOKMARK [1][-]{section.1.2}{\376\377\000D\000e\000l\000i\000t\000e\001\076\000n\000o\000s\001\145\000\040\000p\000r\000i\000r\000o\000d\000z\000e\000n\000\375\000c\000h\000\040\001\015\000\355\000s\000e\000l}{chapter.1}% 5
\BOOKMARK [2][-]{subsection.1.2.1}{\376\377\000D\000e\000l\000i\000t\000e\001\076\000n\000o\000s\001\145\000\040\000a\000\040\000k\000r\000i\000t\000\351\000r\000i\000\341\000\040\000d\000e\000l\000i\000t\000e\001\076\000n\000o\000s\000t\000i}{section.1.2}% 6
\BOOKMARK [2][-]{subsection.1.2.2}{\376\377\000P\000r\000v\000o\001\015\000\355\000s\000l\000a\000,\000\040\000z\000l\000o\001\176\000e\000n\000\351\000\040\001\015\000\355\000s\000l\000a\000\040\000a\000\040\000p\000r\000v\000o\001\015\000\355\000s\000l\000e\000n\000\375\000\040\000r\000o\000z\000k\000l\000a\000d}{section.1.2}% 7
\BOOKMARK [2][-]{subsection.1.2.3}{\376\377\000N\000a\000j\000v\000\344\001\015\001\141\000\355\000\040\000s\000p\000o\000l\000o\001\015\000n\000\375\000\040\000d\000e\000l\000i\000t\000e\001\076\000\040\000a\000\040\000n\000a\000j\000m\000e\000n\001\141\000\355\000\040\000s\000p\000o\000l\000o\001\015\000n\000\375\000\040\000n\000\341\000s\000o\000b\000o\000k}{section.1.2}% 8
\BOOKMARK [1][-]{section.1.3}{\376\377\000R\000a\000c\000i\000o\000n\000\341\000l\000n\000e\000\040\001\015\000\355\000s\000l\000a}{chapter.1}% 9
\BOOKMARK [2][-]{subsection.1.3.1}{\376\377\000R\000a\000c\000i\000o\000n\000\341\000l\000n\000e\000\040\001\015\000\355\000s\000l\000a\000\040\000a\000\040\000z\000l\000o\000m\000k\000y}{section.1.3}% 10
\BOOKMARK [2][-]{subsection.1.3.2}{\376\377\000T\000y\000p\000y\000\040\000z\000l\000o\000m\000k\000o\000v}{section.1.3}% 11
\BOOKMARK [2][-]{subsection.1.3.3}{\376\377\000R\000o\000z\001\141\000i\000r\000o\000v\000a\000n\000i\000e\000\040\000a\000\040\000k\000r\000\341\000t\000e\000n\000i\000e\000\040\000z\000l\000o\000m\000k\000o\000v}{section.1.3}% 12
\BOOKMARK [2][-]{subsection.1.3.4}{\376\377\000A\000r\000i\000t\000m\000e\000t\000i\000k\000a\000\040\000r\000a\000c\000i\000o\000n\000\341\000l\000n\000y\000c\000h\000\040\001\015\000\355\000s\000e\000l}{section.1.3}% 13
\BOOKMARK [1][-]{section.1.4}{\376\377\000P\000o\000m\000e\000r}{chapter.1}% 14
\BOOKMARK [1][-]{section.1.5}{\376\377\000P\000e\000r\000c\000e\000n\000t\000\341\000\040\000a\000\040\000p\000r\000o\000m\000i\000l\000e}{chapter.1}% 15
\BOOKMARK [0][-]{chapter.2}{\376\377\000V\000\375\000r\000a\000z\000y\000,\000\040\000r\000o\000v\000n\000i\000c\000e\000\040\000a\000\040\000n\000e\000r\000o\000v\000n\000i\000c\000e}{}% 16
\BOOKMARK [1][-]{section.2.1}{\376\377\000L\000i\000n\000e\000\341\000r\000n\000e\000\040\000r\000o\000v\000n\000i\000c\000e}{chapter.2}% 17
\BOOKMARK [1][-]{section.2.2}{\376\377\000L\000i\000n\000e\000\341\000r\000n\000e\000\040\000n\000e\000r\000o\000v\000n\000i\000c\000e}{chapter.2}% 18
\BOOKMARK [1][-]{section.2.3}{\376\377\000V\000\375\000r\000a\000z\000y}{chapter.2}% 19
\BOOKMARK [1][-]{section.2.4}{\376\377\000P\000r\000i\000a\000m\000a\000\040\000a\000\040\000n\000e\000p\000r\000i\000a\000m\000a\000\040\000\372\000m\000e\000r\000a}{chapter.2}% 20
\BOOKMARK [2][-]{subsection.2.4.1}{\376\377\000P\000r\000i\000a\000m\000a\000\040\000\372\000m\000e\000r\000a}{section.2.4}% 21
\BOOKMARK [2][-]{subsection.2.4.2}{\376\377\000N\000e\000p\000r\000i\000a\000m\000a\000\040\000\372\000m\000e\000r\000a}{section.2.4}% 22
\BOOKMARK [0][-]{chapter.3}{\376\377\000G\000e\000o\000m\000e\000t\000r\000i\000a}{}% 23
\BOOKMARK [1][-]{section.3.1}{\376\377\000P\000l\000a\000n\000i\000m\000e\000t\000r\000i\000a}{chapter.3}% 24
\BOOKMARK [2][-]{subsection.3.1.1}{\376\377\000U\000h\000l\000y}{section.3.1}% 25
\BOOKMARK [2][-]{subsection.3.1.2}{\376\377\000P\000r\000i\000a\000m\000k\000y\000\040\000a\000\040\000r\000o\000v\000i\000n\000y}{section.3.1}% 26
\BOOKMARK [2][-]{subsection.3.1.3}{\376\377\000R\000o\000v\000i\000n\000n\000\351\000\040\000\372\000t\000v\000a\000r\000y}{section.3.1}% 27
\BOOKMARK [1][-]{section.3.2}{\376\377\000K\000o\000n\001\141\000t\000r\000u\000k\001\015\000n\000\351\000\040\000\372\000l\000o\000h\000y}{chapter.3}% 28
\BOOKMARK [1][-]{section.3.3}{\376\377\000S\000t\000e\000r\000e\000o\000m\000e\000t\000r\000i\000a}{chapter.3}% 29
\BOOKMARK [0][-]{chapter.4}{\376\377\000K\000o\000m\000b\000i\000n\000a\000t\000o\000r\000i\000k\000a\000,\000\040\000p\000r\000a\000v\000d\000e\000p\000o\000d\000o\000b\000n\000o\000s\001\145\000\040\000a\000\040\001\141\000t\000a\000t\000i\000s\000t\000i\000k\000a}{}% 30
\BOOKMARK [1][-]{section.4.1}{\376\377\000K\000o\000m\000b\000i\000n\000a\000t\000o\000r\000i\000k\000a}{chapter.4}% 31
\BOOKMARK [2][-]{subsection.4.1.1}{\376\377\000F\000a\000k\000t\000o\000i\000\341\000l\000\040\000a\000\040\000p\000e\000r\000m\000u\000t\000\341\000c\000i\000e}{section.4.1}% 32
\BOOKMARK [2][-]{subsection.4.1.2}{\376\377\000V\000a\000r\000i\000\341\000c\000e\000\040\000b\000e\000z\000\040\000o\000p\000a\000k\000o\000v\000a\000n\000i\000a}{section.4.1}% 33
\BOOKMARK [2][-]{subsection.4.1.3}{\376\377\000V\000a\000r\000i\000\341\000c\000e\000\040\000s\000\040\000o\000p\000a\000k\000o\000v\000a\000n\000\355\000m}{section.4.1}% 34
\BOOKMARK [2][-]{subsection.4.1.4}{\376\377\000K\000o\000m\000b\000i\000n\000\341\000c\000i\000e}{section.4.1}% 35
\BOOKMARK [2][-]{subsection.4.1.5}{\376\377\000P\000r\000a\000v\000i\000d\000l\000o\000\040\000s\000\372\001\015\000t\000u\000\040\000a\000\040\000s\000\372\001\015\000i\000n\000u}{section.4.1}% 36
\BOOKMARK [1][-]{section.4.2}{\376\377\000P\000r\000a\000v\000d\000e\000p\000o\000d\000o\000b\000n\000o\000s\001\145}{chapter.4}% 37
\BOOKMARK [2][-]{subsection.4.2.1}{\376\377\000K\000o\000m\000b\000i\000n\000a\000t\000o\000r\000i\000c\000k\000\341\000\040\000p\000r\000a\000v\000d\000e\000p\000o\000d\000o\000b\000n\000o\000s\001\145}{section.4.2}% 38
\BOOKMARK [2][-]{subsection.4.2.2}{\376\377\000G\000e\000o\000m\000e\000t\000r\000i\000c\000k\000\341\000\040\000p\000r\000a\000v\000d\000e\000p\000o\000d\000o\000b\000n\000o\000s\001\145}{section.4.2}% 39
\BOOKMARK [1][-]{section.4.3}{\376\377\001\140\000t\000a\000t\000i\000s\000t\000i\000k\000a}{chapter.4}% 40
