\BOOKMARK [0][-]{chapter.1}{\376\377\000V\000\375\000r\000o\000k\000o\000v\000\341\000\040\000l\000o\000g\000i\000k\000a\000\040\000a\000\040\000d\000\364\000k\000a\000z\000y}{}% 1
\BOOKMARK [0][-]{chapter.2}{\376\377\000M\000n\000o\001\176\000i\000n\000y}{}% 2
\BOOKMARK [0][-]{chapter.3}{\376\377\000T\000e\000\363\000r\000i\000a\000\040\001\015\000\355\000s\000e\000l}{}% 3
\BOOKMARK [0][-]{chapter.4}{\376\377\000A\000l\000g\000e\000b\000r\000i\000c\000k\000\351\000\040\000v\000\375\000r\000a\000z\000y\000,\000\040\000r\000o\000v\000n\000i\000c\000e\000\040\000a\000\040\000n\000e\000r\000o\000v\000n\000i\000c\000e}{}% 4
\BOOKMARK [1][-]{section.4.1}{\376\377\000A\000l\000g\000e\000b\000r\000i\000c\000k\000\351\000\040\000v\000\375\000r\000a\000z\000y}{chapter.4}% 5
\BOOKMARK [1][-]{section.4.2}{\376\377\000L\000i\000n\000e\000\341\000r\000n\000e\000\040\000r\000o\000v\000n\000i\000c\000e\000\040\000a\000\040\000n\000e\000r\000o\000v\000n\000i\000c\000e}{chapter.4}% 6
\BOOKMARK [1][-]{section.4.3}{\376\377\000S\000y\000s\000t\000\351\000m\000y\000\040\000l\000i\000n\000e\000\341\000r\000n\000y\000c\000h\000\040\000r\000o\000v\000n\000\355\000c}{chapter.4}% 7
\BOOKMARK [1][-]{section.4.4}{\376\377\000S\000y\000s\000t\000\351\000m\000y\000\040\000l\000i\000n\000e\000\341\000r\000n\000y\000c\000h\000\040\000n\000e\000r\000o\000v\000n\000\355\000c}{chapter.4}% 8
\BOOKMARK [1][-]{section.4.5}{\376\377\000K\000v\000a\000d\000r\000a\000t\000i\000c\000k\000\351\000\040\000r\000o\000v\000n\000i\000c\000e\000\040\000a\000\040\000n\000e\000r\000o\000v\000n\000i\000c\000e}{chapter.4}% 9
\BOOKMARK [0][-]{chapter.5}{\376\377\000P\000r\000i\000a\000m\000a\000\040\000a\000\040\000n\000e\000p\000r\000i\000a\000m\000a\000\040\000\372\000m\000e\000r\000n\000o\000s\001\145\000,\000\040\000p\000o\000m\000e\000r\000,\000\040\000p\000e\000r\000c\000e\000n\000t\000\341\000\040\000a\000\040\000p\000r\000o\000m\000i\000l\000e}{}% 10
\BOOKMARK [1][-]{section.5.1}{\376\377\000P\000r\000i\000a\000m\000a\000\040\000\372\000m\000e\000r\000n\000o\000s\001\145}{chapter.5}% 11
\BOOKMARK [1][-]{section.5.2}{\376\377\000N\000e\000p\000r\000i\000e\000m\000e\000\040\000\372\000m\000e\000r\000n\000o\000s\001\145}{chapter.5}% 12
\BOOKMARK [1][-]{section.5.3}{\376\377\000P\000o\000m\000e\000r}{chapter.5}% 13
\BOOKMARK [1][-]{section.5.4}{\376\377\000P\000e\000r\000c\000e\000n\000t\000\341\000\040\000a\000\040\000p\000r\000o\000m\000i\000l\000e}{chapter.5}% 14
\BOOKMARK [0][-]{chapter.6}{\376\377\000F\000u\000n\000k\000c\000i\000e\000\040\000a\000\040\000p\000o\000s\000t\000u\000p\000n\000o\000s\000t\000i}{}% 15
\BOOKMARK [1][-]{section.6.1}{\376\377\000F\000u\000n\000k\000c\000i\000e}{chapter.6}% 16
\BOOKMARK [1][-]{section.6.2}{\376\377\000P\000o\000s\000t\000u\000p\000n\000o\000s\000t\000i}{chapter.6}% 17
\BOOKMARK [2][-]{subsection.6.2.1}{\376\377\000A\000r\000i\000t\000m\000e\000t\000i\000c\000k\000\341\000\040\000p\000o\000s\000t\000u\000p\000n\000o\000s\001\145}{section.6.2}% 18
\BOOKMARK [2][-]{subsection.6.2.2}{\376\377\000G\000e\000o\000m\000e\000t\000r\000i\000c\000k\000\341\000\040\000p\000o\000s\000t\000u\000p\000n\000o\000s\001\145}{section.6.2}% 19
\BOOKMARK [0][-]{chapter.7}{\376\377\000G\000e\000o\000m\000e\000t\000r\000i\000a}{}% 20
\BOOKMARK [1][-]{section.7.1}{\376\377\000P\000l\000a\000n\000i\000m\000e\000t\000r\000i\000a}{chapter.7}% 21
\BOOKMARK [2][-]{subsection.7.1.1}{\376\377\000U\000h\000l\000y}{section.7.1}% 22
\BOOKMARK [2][-]{subsection.7.1.2}{\376\377\000R\000o\000v\000i\000n\000n\000\351\000\040\000\372\000t\000v\000a\000r\000y}{section.7.1}% 23
\BOOKMARK [2][-]{subsection.7.1.3}{\376\377\000G\000o\000n\000i\000o\000m\000e\000t\000r\000i\000a\000\040\000a\000\040\000t\000r\000i\000g\000o\000n\000o\000m\000e\000t\000r\000i\000a}{section.7.1}% 24
\BOOKMARK [1][-]{section.7.2}{\376\377\000S\000t\000e\000r\000e\000o\000m\000e\000t\000r\000i\000a}{chapter.7}% 25
\BOOKMARK [0][-]{chapter.8}{\376\377\000A\000n\000a\000l\000y\000t\000i\000c\000k\000\341\000\040\000g\000e\000o\000m\000e\000t\000r\000i\000a}{}% 26
\BOOKMARK [0][-]{chapter.9}{\376\377\000K\000o\000m\000b\000i\000n\000a\000t\000o\000r\000i\000k\000a\000,\000\040\000p\000r\000a\000v\000d\000e\000p\000o\000d\000o\000b\000n\000o\000s\001\145\000,\000\040\001\141\000t\000a\000t\000i\000s\000t\000i\000k\000a}{}% 27
\BOOKMARK [1][-]{section.9.1}{\376\377\000K\000o\000m\000b\000i\000n\000a\000t\000o\000r\000i\000k\000a}{chapter.9}% 28
\BOOKMARK [1][-]{section.9.2}{\376\377\000P\000r\000a\000v\000d\000e\000p\000o\000d\000o\000b\000n\000o\000s\001\145}{chapter.9}% 29
\BOOKMARK [1][-]{section.9.3}{\376\377\001\140\000t\000a\000t\000i\000s\000t\000i\000k\000a}{chapter.9}% 30
